<?xml version="1.0" encoding="UTF-8"?>
<!-- Generated by org.testng.reporters.JUnitReportReporter -->
<testsuite skipped="0" hostname="LAPTOP-RRO4KGR3" name="basic_jenkins_demo.testcases.Annotations" tests="3" failures="0" timestamp="23 Sep 2020 05:18:36 GMT" time="0.010" errors="0">
  <testcase name="test1" time="0.007" classname="basic_jenkins_demo.testcases.Annotations"/>
  <testcase name="test2" time="0.002" classname="basic_jenkins_demo.testcases.Annotations"/>
  <testcase name="test3" time="0.001" classname="basic_jenkins_demo.testcases.Annotations"/>
</testsuite> <!-- basic_jenkins_demo.testcases.Annotations -->
